<?xml version="1.0" encoding="UTF-8"?>
<!-- Generated by org.testng.reporters.JUnitReportReporter -->
<testsuite hostname="FFE-Sanjay-PS-FFE177" failures="0" tests="2" name="com.crm.vtiger.CreateOrganization.CreateOrganizationTest" time="66.314" errors="0" timestamp="2024-09-20T09:08:41 IST" skipped="0">
  <testcase classname="com.crm.vtiger.CreateOrganization.CreateOrganizationTest" name="createOrganizationClone" time="35.228"/>
  <system-out/>
  <testcase classname="com.crm.vtiger.CreateOrganization.CreateOrganizationTest" name="createOrganization" time="31.086"/>
  <system-out/>
</testsuite> <!-- com.crm.vtiger.CreateOrganization.CreateOrganizationTest -->
