<?xml version="1.0" encoding="UTF-8"?>
<!-- Generated by org.testng.reporters.JUnitReportReporter -->
<testsuite hostname="FFE-Sanjay-PS-FFE177" failures="0" tests="2" name="com.crm.vtiger.campaigns.CreateCampaignTest" time="23.020" errors="0" timestamp="2024-09-20T12:00:36 IST" skipped="0">
  <testcase classname="com.crm.vtiger.campaigns.CreateCampaignTest" name="CreateCampaignTestClone" time="11.173"/>
  <system-out/>
  <testcase classname="com.crm.vtiger.campaigns.CreateCampaignTest" name="createCampaign" time="11.847"/>
  <system-out/>
</testsuite> <!-- com.crm.vtiger.campaigns.CreateCampaignTest -->
