<?xml version="1.0" encoding="UTF-8"?>
<!-- Generated by org.testng.reporters.JUnitReportReporter -->
<testsuite hostname="FFE-Sanjay-PS-FFE177" failures="0" tests="1" name="com.crm.vtiger.CreateContact.CreateContact" time="34.415" errors="0" timestamp="2024-09-18T16:36:10 IST" skipped="0">
  <testcase classname="com.crm.vtiger.CreateContact.CreateContact" name="createContact" time="34.415"/>
  <system-out/>
</testsuite> <!-- com.crm.vtiger.CreateContact.CreateContact -->
